0000              1   ;--------------------------------------------------------
0000              2   ; File Created by C51
0000              3   ; Version 1.0.0 #1034 (Dec 12 2012) (MSVC)
0000              4   ; This file was generated Thu Mar 20 16:14:03 2014
0000              5   ;--------------------------------------------------------
                  5   $name Transmitter_Project_2
                  6   $optc51 --model-small
0000              8            R_DSEG    segment data
0000              9            R_CSEG    segment code
0000             10            R_BSEG    segment bit
0000             11            R_XSEG    segment xdata
0000             12            R_PSEG    segment xdata
0000             13            R_ISEG    segment idata
0000             14            R_OSEG    segment data overlay
0000             15            BIT_BANK  segment data overlay
0000             16            R_HOME    segment code
0000             17            R_GSINIT  segment code
0000             18            R_IXSEG   segment xdata
0000             19            R_CONST   segment code
0000             20            R_XINIT   segment code
0000             21            R_DINIT   segment code
0000             22   
0000             23   ;--------------------------------------------------------
0000             24   ; Public variables in this module
0000             25   ;--------------------------------------------------------
0000             26            public _main
0000             27            public _prlPark
0000             28            public _rotate180
0000             29            public _moveFarther
0000             30            public _moveCloser
0000             31            public _tx_byte
0000             32            public _wait_bit_time
0000             33            public __c51_external_startup
0000             34   ;--------------------------------------------------------
0000             35   ; Special Function Registers
0000             36   ;--------------------------------------------------------
0000             37   _ACC            DATA 0xe0
0000             38   _B              DATA 0xf0
0000             39   _PSW            DATA 0xd0
0000             40   _SP             DATA 0x81
0000             41   _SPX            DATA 0xef
0000             42   _DPL            DATA 0x82
0000             43   _DPH            DATA 0x83
0000             44   _DPLB           DATA 0xd4
0000             45   _DPHB           DATA 0xd5
0000             46   _PAGE           DATA 0xf6
0000             47   _AX             DATA 0xe1
0000             48   _BX             DATA 0xf7
0000             49   _DSPR           DATA 0xe2
0000             50   _FIRD           DATA 0xe3
0000             51   _MACL           DATA 0xe4
0000             52   _MACH           DATA 0xe5
0000             53   _PCON           DATA 0x87
0000             54   _AUXR           DATA 0x8e
0000             55   _AUXR1          DATA 0xa2
0000             56   _DPCF           DATA 0xa1
0000             57   _CKRL           DATA 0x97
0000             58   _CKCKON0        DATA 0x8f
0000             59   _CKCKON1        DATA 0xaf
0000             60   _CKSEL          DATA 0x85
0000             61   _CLKREG         DATA 0xae
0000             62   _OSCCON         DATA 0x85
0000             63   _IE             DATA 0xa8
0000             64   _IEN0           DATA 0xa8
0000             65   _IEN1           DATA 0xb1
0000             66   _IPH0           DATA 0xb7
0000             67   _IP             DATA 0xb8
0000             68   _IPL0           DATA 0xb8
0000             69   _IPH1           DATA 0xb3
0000             70   _IPL1           DATA 0xb2
0000             71   _P0             DATA 0x80
0000             72   _P1             DATA 0x90
0000             73   _P2             DATA 0xa0
0000             74   _P3             DATA 0xb0
0000             75   _P4             DATA 0xc0
0000             76   _P0M0           DATA 0xe6
0000             77   _P0M1           DATA 0xe7
0000             78   _P1M0           DATA 0xd6
0000             79   _P1M1           DATA 0xd7
0000             80   _P2M0           DATA 0xce
0000             81   _P2M1           DATA 0xcf
0000             82   _P3M0           DATA 0xc6
0000             83   _P3M1           DATA 0xc7
0000             84   _P4M0           DATA 0xbe
0000             85   _P4M1           DATA 0xbf
0000             86   _SCON           DATA 0x98
0000             87   _SBUF           DATA 0x99
0000             88   _SADEN          DATA 0xb9
0000             89   _SADDR          DATA 0xa9
0000             90   _BDRCON         DATA 0x9b
0000             91   _BRL            DATA 0x9a
0000             92   _TCON           DATA 0x88
0000             93   _TMOD           DATA 0x89
0000             94   _TCONB          DATA 0x91
0000             95   _TL0            DATA 0x8a
0000             96   _TH0            DATA 0x8c
0000             97   _TL1            DATA 0x8b
0000             98   _TH1            DATA 0x8d
0000             99   _RL0            DATA 0xf2
0000            100   _RH0            DATA 0xf4
0000            101   _RL1            DATA 0xf3
0000            102   _RH1            DATA 0xf5
0000            103   _WDTRST         DATA 0xa6
0000            104   _WDTPRG         DATA 0xa7
0000            105   _T2CON          DATA 0xc8
0000            106   _T2MOD          DATA 0xc9
0000            107   _RCAP2H         DATA 0xcb
0000            108   _RCAP2L         DATA 0xca
0000            109   _TH2            DATA 0xcd
0000            110   _TL2            DATA 0xcc
0000            111   _SPCON          DATA 0xc3
0000            112   _SPSTA          DATA 0xc4
0000            113   _SPDAT          DATA 0xc5
0000            114   _SSCON          DATA 0x93
0000            115   _SSCS           DATA 0x94
0000            116   _SSDAT          DATA 0x95
0000            117   _SSADR          DATA 0x96
0000            118   _KBLS           DATA 0x9c
0000            119   _KBE            DATA 0x9d
0000            120   _KBF            DATA 0x9e
0000            121   _KBMOD          DATA 0x9f
0000            122   _BMSEL          DATA 0x92
0000            123   _FCON           DATA 0xd2
0000            124   _EECON          DATA 0xd2
0000            125   _ACSRA          DATA 0xa3
0000            126   _ACSRB          DATA 0xab
0000            127   _AREF           DATA 0xbd
0000            128   _DADC           DATA 0xa4
0000            129   _DADI           DATA 0xa5
0000            130   _DADL           DATA 0xac
0000            131   _DADH           DATA 0xad
0000            132   _CCON           DATA 0xd8
0000            133   _CMOD           DATA 0xd9
0000            134   _CL             DATA 0xe9
0000            135   _CH             DATA 0xf9
0000            136   _CCAPM0         DATA 0xda
0000            137   _CCAPM1         DATA 0xdb
0000            138   _CCAPM2         DATA 0xdc
0000            139   _CCAPM3         DATA 0xdd
0000            140   _CCAPM4         DATA 0xde
0000            141   _CCAP0H         DATA 0xfa
0000            142   _CCAP1H         DATA 0xfb
0000            143   _CCAP2H         DATA 0xfc
0000            144   _CCAP3H         DATA 0xfd
0000            145   _CCAP4H         DATA 0xfe
0000            146   _CCAP0L         DATA 0xea
0000            147   _CCAP1L         DATA 0xeb
0000            148   _CCAP2L         DATA 0xec
0000            149   _CCAP3L         DATA 0xed
0000            150   _CCAP4L         DATA 0xee
0000            151   ;--------------------------------------------------------
0000            152   ; special function bits
0000            153   ;--------------------------------------------------------
0000            154   _ACC_0          BIT 0xe0
0000            155   _ACC_1          BIT 0xe1
0000            156   _ACC_2          BIT 0xe2
0000            157   _ACC_3          BIT 0xe3
0000            158   _ACC_4          BIT 0xe4
0000            159   _ACC_5          BIT 0xe5
0000            160   _ACC_6          BIT 0xe6
0000            161   _ACC_7          BIT 0xe7
0000            162   _B_0            BIT 0xf0
0000            163   _B_1            BIT 0xf1
0000            164   _B_2            BIT 0xf2
0000            165   _B_3            BIT 0xf3
0000            166   _B_4            BIT 0xf4
0000            167   _B_5            BIT 0xf5
0000            168   _B_6            BIT 0xf6
0000            169   _B_7            BIT 0xf7
0000            170   _P              BIT 0xd0
0000            171   _F1             BIT 0xd1
0000            172   _OV             BIT 0xd2
0000            173   _RS0            BIT 0xd3
0000            174   _RS1            BIT 0xd4
0000            175   _F0             BIT 0xd5
0000            176   _AC             BIT 0xd6
0000            177   _CY             BIT 0xd7
0000            178   _EX0            BIT 0xa8
0000            179   _ET0            BIT 0xa9
0000            180   _EX1            BIT 0xaa
0000            181   _ET1            BIT 0xab
0000            182   _ES             BIT 0xac
0000            183   _ET2            BIT 0xad
0000            184   _EC             BIT 0xae
0000            185   _EA             BIT 0xaf
0000            186   _PX0            BIT 0xb8
0000            187   _PT0            BIT 0xb9
0000            188   _PX1            BIT 0xba
0000            189   _PT1            BIT 0xbb
0000            190   _PS             BIT 0xbc
0000            191   _PT2            BIT 0xbd
0000            192   _IP0D           BIT 0xbf
0000            193   _PPCL           BIT 0xbe
0000            194   _PT2L           BIT 0xbd
0000            195   _PLS            BIT 0xbc
0000            196   _PT1L           BIT 0xbb
0000            197   _PX1L           BIT 0xba
0000            198   _PT0L           BIT 0xb9
0000            199   _PX0L           BIT 0xb8
0000            200   _P0_0           BIT 0x80
0000            201   _P0_1           BIT 0x81
0000            202   _P0_2           BIT 0x82
0000            203   _P0_3           BIT 0x83
0000            204   _P0_4           BIT 0x84
0000            205   _P0_5           BIT 0x85
0000            206   _P0_6           BIT 0x86
0000            207   _P0_7           BIT 0x87
0000            208   _P1_0           BIT 0x90
0000            209   _P1_1           BIT 0x91
0000            210   _P1_2           BIT 0x92
0000            211   _P1_3           BIT 0x93
0000            212   _P1_4           BIT 0x94
0000            213   _P1_5           BIT 0x95
0000            214   _P1_6           BIT 0x96
0000            215   _P1_7           BIT 0x97
0000            216   _P2_0           BIT 0xa0
0000            217   _P2_1           BIT 0xa1
0000            218   _P2_2           BIT 0xa2
0000            219   _P2_3           BIT 0xa3
0000            220   _P2_4           BIT 0xa4
0000            221   _P2_5           BIT 0xa5
0000            222   _P2_6           BIT 0xa6
0000            223   _P2_7           BIT 0xa7
0000            224   _P3_0           BIT 0xb0
0000            225   _P3_1           BIT 0xb1
0000            226   _P3_2           BIT 0xb2
0000            227   _P3_3           BIT 0xb3
0000            228   _P3_4           BIT 0xb4
0000            229   _P3_5           BIT 0xb5
0000            230   _P3_6           BIT 0xb6
0000            231   _P3_7           BIT 0xb7
0000            232   _RXD            BIT 0xb0
0000            233   _TXD            BIT 0xb1
0000            234   _INT0           BIT 0xb2
0000            235   _INT1           BIT 0xb3
0000            236   _T0             BIT 0xb4
0000            237   _T1             BIT 0xb5
0000            238   _WR             BIT 0xb6
0000            239   _RD             BIT 0xb7
0000            240   _P4_0           BIT 0xc0
0000            241   _P4_1           BIT 0xc1
0000            242   _P4_2           BIT 0xc2
0000            243   _P4_3           BIT 0xc3
0000            244   _P4_4           BIT 0xc4
0000            245   _P4_5           BIT 0xc5
0000            246   _P4_6           BIT 0xc6
0000            247   _P4_7           BIT 0xc7
0000            248   _RI             BIT 0x98
0000            249   _TI             BIT 0x99
0000            250   _RB8            BIT 0x9a
0000            251   _TB8            BIT 0x9b
0000            252   _REN            BIT 0x9c
0000            253   _SM2            BIT 0x9d
0000            254   _SM1            BIT 0x9e
0000            255   _SM0            BIT 0x9f
0000            256   _IT0            BIT 0x88
0000            257   _IE0            BIT 0x89
0000            258   _IT1            BIT 0x8a
0000            259   _IE1            BIT 0x8b
0000            260   _TR0            BIT 0x8c
0000            261   _TF0            BIT 0x8d
0000            262   _TR1            BIT 0x8e
0000            263   _TF1            BIT 0x8f
0000            264   _CP_RL2         BIT 0xc8
0000            265   _C_T2           BIT 0xc9
0000            266   _TR2            BIT 0xca
0000            267   _EXEN2          BIT 0xcb
0000            268   _TCLK           BIT 0xcc
0000            269   _RCLK           BIT 0xcd
0000            270   _EXF2           BIT 0xce
0000            271   _TF2            BIT 0xcf
0000            272   _CF             BIT 0xdf
0000            273   _CR             BIT 0xde
0000            274   _CCF4           BIT 0xdc
0000            275   _CCF3           BIT 0xdb
0000            276   _CCF2           BIT 0xda
0000            277   _CCF1           BIT 0xd9
0000            278   _CCF0           BIT 0xd8
0000            279   ;--------------------------------------------------------
0000            280   ; overlayable register banks
0000            281   ;--------------------------------------------------------
0000            282            rbank0 segment data overlay
0000            283   ;--------------------------------------------------------
0000            284   ; internal ram data
0000            285   ;--------------------------------------------------------
0000            286            rseg R_DSEG
0000            287   ;--------------------------------------------------------
0000            288   ; overlayable items in internal ram 
0000            289   ;--------------------------------------------------------
0000            290            rseg R_OSEG
0000            291   ;--------------------------------------------------------
0000            292   ; indirectly addressable internal ram data
0000            293   ;--------------------------------------------------------
0000            294            rseg R_ISEG
0000            295   ;--------------------------------------------------------
0000            296   ; absolute internal ram data
0000            297   ;--------------------------------------------------------
0000            298            DSEG
0000            299   ;--------------------------------------------------------
0000            300   ; bit data
0000            301   ;--------------------------------------------------------
0000            302            rseg R_BSEG
0000            303   ;--------------------------------------------------------
0000            304   ; paged external ram data
0000            305   ;--------------------------------------------------------
0000            306            rseg R_PSEG
0000            307   ;--------------------------------------------------------
0000            308   ; external ram data
0000            309   ;--------------------------------------------------------
0000            310            rseg R_XSEG
0000            311   ;--------------------------------------------------------
0000            312   ; absolute external ram data
0000            313   ;--------------------------------------------------------
0000            314            XSEG
0000            315   ;--------------------------------------------------------
0000            316   ; external initialized ram data
0000            317   ;--------------------------------------------------------
0000            318            rseg R_IXSEG
0000            319            rseg R_HOME
0000            320            rseg R_GSINIT
0000            321            rseg R_CSEG
0000            322   ;--------------------------------------------------------
0000            323   ; Reset entry point and interrupt vectors
0000            324   ;--------------------------------------------------------
0000            325            CSEG at 0x0000
0000 020100     326            ljmp    _crt0
0003            327   ;--------------------------------------------------------
0003            328   ; global & static initialisations
0003            329   ;--------------------------------------------------------
0000            330            rseg R_HOME
0000            331            rseg R_GSINIT
0000            332            rseg R_GSINIT
0000            333   ;--------------------------------------------------------
0000            334   ; data variables initialization
0000            335   ;--------------------------------------------------------
0000            336            rseg R_DINIT
0000            337            ; The linker places a 'ret' at the end of segment R_DINIT.
0000            338   ;--------------------------------------------------------
0000            339   ; code
0000            340   ;--------------------------------------------------------
0000            341            rseg R_CSEG
0000            342   ;------------------------------------------------------------
0000            343   ;Allocation info for local variables in function '_c51_external_startup'
0000            344   ;------------------------------------------------------------
0000            345   ;------------------------------------------------------------
0000            346   ;        C:\Users\Travis\Documents\GitHub\eeceProject2\eeceProject2\Transmitter_Project_2.c:4: unsigned char _c51_external_startup(void)
0000            347   ;        -----------------------------------------
0000            348   ;         function _c51_external_startup
0000            349   ;        -----------------------------------------
0000            350   __c51_external_startup:
0000            351            using   0
0000            352   ;        C:\Users\Travis\Documents\GitHub\eeceProject2\eeceProject2\Transmitter_Project_2.c:7: P0M0=0;   P0M1=0;
0000 75E600     353            mov     _P0M0,#0x00
0003 75E700     354            mov     _P0M1,#0x00
0006            355   ;        C:\Users\Travis\Documents\GitHub\eeceProject2\eeceProject2\Transmitter_Project_2.c:8: P1M0=0;   P1M1=0;
0006 75D600     356            mov     _P1M0,#0x00
0009 75D700     357            mov     _P1M1,#0x00
000C            358   ;        C:\Users\Travis\Documents\GitHub\eeceProject2\eeceProject2\Transmitter_Project_2.c:9: P2M0=0;   P2M1=0;
000C 75CE00     359            mov     _P2M0,#0x00
000F 75CF00     360            mov     _P2M1,#0x00
0012            361   ;        C:\Users\Travis\Documents\GitHub\eeceProject2\eeceProject2\Transmitter_Project_2.c:10: P3M0=0;  P3M1=0;
0012 75C600     362            mov     _P3M0,#0x00
0015 75C700     363            mov     _P3M1,#0x00
0018            364   ;        C:\Users\Travis\Documents\GitHub\eeceProject2\eeceProject2\Transmitter_Project_2.c:11: AUXR=0B_0001_0001; // 1152 bytes of internal XDATA, P4.4 is a general purpose I/O
0018 758E11     365            mov     _AUXR,#0x11
001B            366   ;        C:\Users\Travis\Documents\GitHub\eeceProject2\eeceProject2\Transmitter_Project_2.c:12: P4M0=0;  P4M1=0;
001B 75BE00     367            mov     _P4M0,#0x00
001E 75BF00     368            mov     _P4M1,#0x00
0021            369   ;        C:\Users\Travis\Documents\GitHub\eeceProject2\eeceProject2\Transmitter_Project_2.c:14: return 0;
0021 758200     370            mov     dpl,#0x00
0024 22         371            ret
0025            372   ;------------------------------------------------------------
0025            373   ;Allocation info for local variables in function 'wait_bit_time'
0025            374   ;------------------------------------------------------------
0025            375   ;------------------------------------------------------------
0025            376   ;        C:\Users\Travis\Documents\GitHub\eeceProject2\eeceProject2\Transmitter_Project_2.c:17: void wait_bit_time(void)
0025            377   ;        -----------------------------------------
0025            378   ;         function wait_bit_time
0025            379   ;        -----------------------------------------
0025            380   _wait_bit_time:
0025            381   ;        C:\Users\Travis\Documents\GitHub\eeceProject2\eeceProject2\Transmitter_Project_2.c:29: _endasm;
0025            382            
0025            383     ;For a 22.1184MHz crystal one machine cycle
0025            384     ;takes 12/22.1184MHz=0.5425347us
0025 7A0A       385                 mov R2, #10
0027            386             L3:
0027 79F8       387            mov R1, #248
0029            388             L2:
0029 78B8       389            mov R0, #184
002B            390             L1:
002B D890       391            djnz R0, L1 ; 2 machine cycles-> 2*0.5425347us*184=200us
002D D950       392                 djnz R1, L2 ; 200us*250=0.05s
002F DA10       393                 djnz R2, L3 ; 0.05s*10=500ms
0031 22         394                 ret
0032            395                
0032 22         396            ret
0033            397   ;------------------------------------------------------------
0033            398   ;Allocation info for local variables in function 'tx_byte'
0033            399   ;------------------------------------------------------------
0033            400   ;val                       Allocated to registers 
0033            401   ;j                         Allocated to registers r2 
0033            402   ;------------------------------------------------------------
0033            403   ;        C:\Users\Travis\Documents\GitHub\eeceProject2\eeceProject2\Transmitter_Project_2.c:32: void tx_byte(unsigned char val)
0033            404   ;        -----------------------------------------
0033            405   ;         function tx_byte
0033            406   ;        -----------------------------------------
0033            407   _tx_byte:
0033            408   ;        C:\Users\Travis\Documents\GitHub\eeceProject2\eeceProject2\Transmitter_Project_2.c:37: wait_bit_time();
0033 120100     409            lcall   _wait_bit_time
0036            410   ;        C:\Users\Travis\Documents\GitHub\eeceProject2\eeceProject2\Transmitter_Project_2.c:38: for (j=0; j<8; j++)
0036 7A08       411            mov     r2,#0x08
0038            412   L004003?:
0038            413   ;        C:\Users\Travis\Documents\GitHub\eeceProject2\eeceProject2\Transmitter_Project_2.c:41: wait_bit_time();
0038 C002       414            push    ar2
003A 120100     415            lcall   _wait_bit_time
003D D002       416            pop     ar2
003F DAD0       417            djnz    r2,L004003?
0041            418   ;        C:\Users\Travis\Documents\GitHub\eeceProject2\eeceProject2\Transmitter_Project_2.c:38: for (j=0; j<8; j++)
0041            419   ;        C:\Users\Travis\Documents\GitHub\eeceProject2\eeceProject2\Transmitter_Project_2.c:45: wait_bit_time();
0041 120100     420            lcall   _wait_bit_time
0044            421   ;        C:\Users\Travis\Documents\GitHub\eeceProject2\eeceProject2\Transmitter_Project_2.c:46: wait_bit_time();
0044 020100     422            ljmp    _wait_bit_time
0047            423   ;------------------------------------------------------------
0047            424   ;Allocation info for local variables in function 'moveCloser'
0047            425   ;------------------------------------------------------------
0047            426   ;------------------------------------------------------------
0047            427   ;        C:\Users\Travis\Documents\GitHub\eeceProject2\eeceProject2\Transmitter_Project_2.c:49: void moveCloser(void) 
0047            428   ;        -----------------------------------------
0047            429   ;         function moveCloser
0047            430   ;        -----------------------------------------
0047            431   _moveCloser:
0047            432   ;        C:\Users\Travis\Documents\GitHub\eeceProject2\eeceProject2\Transmitter_Project_2.c:51: tx_byte(0xfd); // move closer is 11111101
0047 7582FD     433            mov     dpl,#0xFD
004A 020100     434            ljmp    _tx_byte
004D            435   ;------------------------------------------------------------
004D            436   ;Allocation info for local variables in function 'moveFarther'
004D            437   ;------------------------------------------------------------
004D            438   ;------------------------------------------------------------
004D            439   ;        C:\Users\Travis\Documents\GitHub\eeceProject2\eeceProject2\Transmitter_Project_2.c:54: void moveFarther(void)
004D            440   ;        -----------------------------------------
004D            441   ;         function moveFarther
004D            442   ;        -----------------------------------------
004D            443   _moveFarther:
004D            444   ;        C:\Users\Travis\Documents\GitHub\eeceProject2\eeceProject2\Transmitter_Project_2.c:56: tx_byte(0xf5); // move farther is 11110101
004D 7582F5     445            mov     dpl,#0xF5
0050 020100     446            ljmp    _tx_byte
0053            447   ;------------------------------------------------------------
0053            448   ;Allocation info for local variables in function 'rotate180'
0053            449   ;------------------------------------------------------------
0053            450   ;------------------------------------------------------------
0053            451   ;        C:\Users\Travis\Documents\GitHub\eeceProject2\eeceProject2\Transmitter_Project_2.c:59: void rotate180(void)
0053            452   ;        -----------------------------------------
0053            453   ;         function rotate180
0053            454   ;        -----------------------------------------
0053            455   _rotate180:
0053            456   ;        C:\Users\Travis\Documents\GitHub\eeceProject2\eeceProject2\Transmitter_Project_2.c:61: tx_byte(0xd5); // rotate is 11010101
0053 7582D5     457            mov     dpl,#0xD5
0056 020100     458            ljmp    _tx_byte
0059            459   ;------------------------------------------------------------
0059            460   ;Allocation info for local variables in function 'prlPark'
0059            461   ;------------------------------------------------------------
0059            462   ;------------------------------------------------------------
0059            463   ;        C:\Users\Travis\Documents\GitHub\eeceProject2\eeceProject2\Transmitter_Project_2.c:64: void prlPark(void)
0059            464   ;        -----------------------------------------
0059            465   ;         function prlPark
0059            466   ;        -----------------------------------------
0059            467   _prlPark:
0059            468   ;        C:\Users\Travis\Documents\GitHub\eeceProject2\eeceProject2\Transmitter_Project_2.c:66: tx_byte(0x55); // parallel park is 01010101
0059 758255     469            mov     dpl,#0x55
005C 020100     470            ljmp    _tx_byte
005F            471   ;------------------------------------------------------------
005F            472   ;Allocation info for local variables in function 'main'
005F            473   ;------------------------------------------------------------
005F            474   ;------------------------------------------------------------
005F            475   ;        C:\Users\Travis\Documents\GitHub\eeceProject2\eeceProject2\Transmitter_Project_2.c:69: void main (void)
005F            476   ;        -----------------------------------------
005F            477   ;         function main
005F            478   ;        -----------------------------------------
005F            479   _main:
005F            480   ;        C:\Users\Travis\Documents\GitHub\eeceProject2\eeceProject2\Transmitter_Project_2.c:71: while(1) {
005F            481   L009010?:
005F            482   ;        C:\Users\Travis\Documents\GitHub\eeceProject2\eeceProject2\Transmitter_Project_2.c:73: if(P2_2 != 0) moveCloser();
005F 30A250     483            jnb     _P2_2,L009002?
0062 120100     484            lcall   _moveCloser
0065            485   L009002?:
0065            486   ;        C:\Users\Travis\Documents\GitHub\eeceProject2\eeceProject2\Transmitter_Project_2.c:75: if(P2_3 != 0) moveFarther();
0065 30A390     487            jnb     _P2_3,L009004?
0068 120100     488            lcall   _moveFarther
006B            489   L009004?:
006B            490   ;        C:\Users\Travis\Documents\GitHub\eeceProject2\eeceProject2\Transmitter_Project_2.c:77: if(P4_3 != 0) rotate180();
006B 30C3D0     491            jnb     _P4_3,L009006?
006E 120100     492            lcall   _rotate180
0071            493   L009006?:
0071            494   ;        C:\Users\Travis\Documents\GitHub\eeceProject2\eeceProject2\Transmitter_Project_2.c:79: if(P3_7 != 1) prlPark();
0071 20B710     495            jb      _P3_7,L009010?
0074 120100     496            lcall   _prlPark
0077 8001       497            sjmp    L009010?
0079            498            rseg R_CSEG
0079            499   
0000            500            rseg R_XINIT
0000            501   
0000            502            rseg R_CONST
0000            503   
0003            504            CSEG
0003            505   
0003            506   end
